Determining if the pthread_create exist failed with the following output:
Change Dir: /home/softdream/buptcs_ws/build/CMakeFiles/CMakeTmp

Run Build Command:"/usr/bin/make" "cmTC_b9daf/fast"
/usr/bin/make -f CMakeFiles/cmTC_b9daf.dir/build.make CMakeFiles/cmTC_b9daf.dir/build
make[1]: 进入目录“/home/softdream/buptcs_ws/build/CMakeFiles/CMakeTmp”
Building C object CMakeFiles/cmTC_b9daf.dir/CheckSymbolExists.c.o
/usr/bin/cc    -o CMakeFiles/cmTC_b9daf.dir/CheckSymbolExists.c.o   -c /home/softdream/buptcs_ws/build/CMakeFiles/CMakeTmp/CheckSymbolExists.c
Linking C executable cmTC_b9daf
/usr/bin/cmake -E cmake_link_script CMakeFiles/cmTC_b9daf.dir/link.txt --verbose=1
/usr/bin/cc      -rdynamic CMakeFiles/cmTC_b9daf.dir/CheckSymbolExists.c.o  -o cmTC_b9daf 
CMakeFiles/cmTC_b9daf.dir/CheckSymbolExists.c.o：在函数‘main’中：
CheckSymbolExists.c:(.text+0x1b)：对‘pthread_create’未定义的引用
collect2: error: ld returned 1 exit status
CMakeFiles/cmTC_b9daf.dir/build.make:97: recipe for target 'cmTC_b9daf' failed
make[1]: *** [cmTC_b9daf] Error 1
make[1]: 离开目录“/home/softdream/buptcs_ws/build/CMakeFiles/CMakeTmp”
Makefile:126: recipe for target 'cmTC_b9daf/fast' failed
make: *** [cmTC_b9daf/fast] Error 2

File /home/softdream/buptcs_ws/build/CMakeFiles/CMakeTmp/CheckSymbolExists.c:
/* */
#include <pthread.h>

int main(int argc, char** argv)
{
  (void)argv;
#ifndef pthread_create
  return ((int*)(&pthread_create))[argc];
#else
  (void)argc;
  return 0;
#endif
}

Determining if the function pthread_create exists in the pthreads failed with the following output:
Change Dir: /home/softdream/buptcs_ws/build/CMakeFiles/CMakeTmp

Run Build Command:"/usr/bin/make" "cmTC_f582a/fast"
/usr/bin/make -f CMakeFiles/cmTC_f582a.dir/build.make CMakeFiles/cmTC_f582a.dir/build
make[1]: 进入目录“/home/softdream/buptcs_ws/build/CMakeFiles/CMakeTmp”
Building C object CMakeFiles/cmTC_f582a.dir/CheckFunctionExists.c.o
/usr/bin/cc   -DCHECK_FUNCTION_EXISTS=pthread_create   -o CMakeFiles/cmTC_f582a.dir/CheckFunctionExists.c.o   -c /usr/share/cmake-3.10/Modules/CheckFunctionExists.c
Linking C executable cmTC_f582a
/usr/bin/cmake -E cmake_link_script CMakeFiles/cmTC_f582a.dir/link.txt --verbose=1
/usr/bin/cc  -DCHECK_FUNCTION_EXISTS=pthread_create    -rdynamic CMakeFiles/cmTC_f582a.dir/CheckFunctionExists.c.o  -o cmTC_f582a -lpthreads 
/usr/bin/ld: 找不到 -lpthreads
collect2: error: ld returned 1 exit status
CMakeFiles/cmTC_f582a.dir/build.make:97: recipe for target 'cmTC_f582a' failed
make[1]: *** [cmTC_f582a] Error 1
make[1]: 离开目录“/home/softdream/buptcs_ws/build/CMakeFiles/CMakeTmp”
Makefile:126: recipe for target 'cmTC_f582a/fast' failed
make: *** [cmTC_f582a/fast] Error 2


